#
# A fatal error has been detected by the Java Runtime Environment:
#
#  EXCEPTION_ACCESS_VIOLATION (0xc0000005) at pc=0x00000000642279b5, pid=4372, tid=2668
#
# JRE version: Java(TM) SE Runtime Environment (8.0_60-b27) (build 1.8.0_60-b27)
# Java VM: Java HotSpot(TM) 64-Bit Server VM (25.60-b23 mixed mode windows-amd64 compressed oops)
# Problematic frame:
# V  [jvm.dll+0x1079b5]
#
# Failed to write core dump. Minidumps are not enabled by default on client versions of Windows
#
# If you would like to submit a bug report, please visit:
#   http://bugreport.java.com/bugreport/crash.jsp
#

---------------  T H R E A D  ---------------

Current thread (0x000000005a29a800):  JavaThread "http-nio-8080-exec-10" daemon [_thread_in_vm, id=2668, stack(0x000000006d880000,0x000000006d980000)]

siginfo: ExceptionCode=0xc0000005, reading address 0x0000000041e80008

Registers:
RAX=0x0000000000000000, RBX=0x0000000041e80000, RCX=0xdc2ff31e33960000, RDX=0x0000000000000000
RSP=0x000000006d97a080, RBP=0x000000006d97a130, RSI=0x0000000000000000, RDI=0x000000000300a250
R8 =0x0000000000000002, R9 =0x00000000542ad6c0, R10=0x0000000000000003, R11=0x0000000000000008
R12=0x000000005a29a800, R13=0x000000004060aa06, R14=0x000000004060aa06, R15=0x000000000000033c
RIP=0x00000000642279b5, EFLAGS=0x0000000000010206

Top of Stack: (sp=0x000000006d97a080)
0x000000006d97a080:   000000005a29a800 000000005a29a800
0x000000006d97a090:   000000006d97a280 00000000596e6010
0x000000006d97a0a0:   000000006d97a130 00000000641aed3d
0x000000006d97a0b0:   0000000000000000 000000000210e7c0
0x000000006d97a0c0:   000000006d97a280 000000005a29a800
0x000000006d97a0d0:   000000006d97a130 0000000000000002
0x000000006d97a0e0:   0000000014188d08 00000000542ad6c0
0x000000006d97a0f0:   0000000000000000 0000000064332300
0x000000006d97a100:   0000000002019300 00000000642117fc
0x000000006d97a110:   0000000014573248 00000000596e6020
0x000000006d97a120:   000000006d97a200 000000000000000a
0x000000006d97a130:   0000000064707a90 0000000014573248
0x000000006d97a140:   0000000002019300 0000000064334ea5
0x000000006d97a150:   000000005a29a800 00000000020c6ed8
0x000000006d97a160:   000000005a29a800 000000006d97a280
0x000000006d97a170:   000000005a29a800 000000006419a270 

Instructions: (pc=0x00000000642279b5)
0x0000000064227995:   48 89 6c 24 18 56 48 83 ec 20 48 8b 99 48 01 00
0x00000000642279a5:   00 33 f6 48 8b ea 48 85 db 74 4a 48 89 7c 24 30
0x00000000642279b5:   83 7b 08 00 48 8b 3b 7e 2e 48 8b 07 48 8b cf ff
0x00000000642279c5:   50 78 84 c0 74 21 80 bf d6 00 00 00 00 75 18 48 


Register to memory mapping:

RAX=0x0000000000000000 is an unknown value
RBX=0x0000000041e80000 is an unknown value
RCX=0xdc2ff31e33960000 is an unknown value
RDX=0x0000000000000000 is an unknown value
RSP=0x000000006d97a080 is pointing into the stack for thread: 0x000000005a29a800
RBP=0x000000006d97a130 is pointing into the stack for thread: 0x000000005a29a800
RSI=0x0000000000000000 is an unknown value
RDI=0x000000000300a250 is at entry_point+-368 in (nmethod*)0x000000000300a250
R8 =0x0000000000000002 is an unknown value
R9 =0x00000000542ad6c0 is pointing into metadata
R10=0x0000000000000003 is an unknown value
R11=0x0000000000000008 is an unknown value
R12=0x000000005a29a800 is a thread
R13=0x000000004060aa06 is an unknown value
R14=0x000000004060aa06 is an unknown value
R15=0x000000000000033c is an unknown value


Stack: [0x000000006d880000,0x000000006d980000],  sp=0x000000006d97a080,  free space=1000k
Native frames: (J=compiled Java code, j=interpreted, Vv=VM code, C=native code)
V  [jvm.dll+0x1079b5]
V  [jvm.dll+0x8ed3d]
V  [jvm.dll+0xf17fc]
V  [jvm.dll+0x7a270]
V  [jvm.dll+0x7a581]
V  [jvm.dll+0x7b35e]
V  [jvm.dll+0x190c21]
V  [jvm.dll+0x190fbb]
C  [java.dll+0x1e58]
C  0x0000000002b0a69d

Java frames: (J=compiled Java code, j=interpreted, Vv=VM code)
J 515  java.lang.ClassLoader.defineClass1(Ljava/lang/String;[BIILjava/security/ProtectionDomain;Ljava/lang/String;)Ljava/lang/Class; (0 bytes) @ 0x0000000002b0a61f [0x0000000002b0a580+0x9f]
J 532 C1 java.lang.ClassLoader.defineClass(Ljava/lang/String;[BIILjava/security/ProtectionDomain;)Ljava/lang/Class; (43 bytes) @ 0x0000000002b1dd4c [0x0000000002b1d780+0x5cc]
J 2724 C1 java.security.SecureClassLoader.defineClass(Ljava/lang/String;[BIILjava/security/CodeSource;)Ljava/lang/Class; (16 bytes) @ 0x00000000032846cc [0x0000000003284580+0x14c]
J 3296 C2 java.net.URLClassLoader$1.run()Ljava/lang/Object; (5 bytes) @ 0x00000000034f53c8 [0x00000000034f3c60+0x1768]
v  ~StubRoutines::call_stub
J 369  java.security.AccessController.doPrivileged(Ljava/security/PrivilegedExceptionAction;Ljava/security/AccessControlContext;)Ljava/lang/Object; (0 bytes) @ 0x0000000002aa4e26 [0x0000000002aa4dc0+0x66]
J 2796 C2 java.lang.ClassLoader.loadClass(Ljava/lang/String;)Ljava/lang/Class; (7 bytes) @ 0x00000000033795a0 [0x00000000033789c0+0xbe0]
v  ~StubRoutines::call_stub
j  org.springframework.http.converter.ResourceHttpMessageConverter.writeContent(Lorg/springframework/core/io/Resource;Lorg/springframework/http/HttpOutputMessage;)V+14
j  org.springframework.http.converter.ResourceHttpMessageConverter.writeInternal(Lorg/springframework/core/io/Resource;Lorg/springframework/http/HttpOutputMessage;)V+3
j  org.springframework.http.converter.ResourceHttpMessageConverter.writeInternal(Ljava/lang/Object;Lorg/springframework/http/HttpOutputMessage;)V+6
j  org.springframework.http.converter.AbstractHttpMessageConverter.write(Ljava/lang/Object;Lorg/springframework/http/MediaType;Lorg/springframework/http/HttpOutputMessage;)V+53
j  org.springframework.web.servlet.resource.ResourceHttpRequestHandler.handleRequest(Ljavax/servlet/http/HttpServletRequest;Ljavax/servlet/http/HttpServletResponse;)V+278
j  org.springframework.web.servlet.mvc.HttpRequestHandlerAdapter.handle(Ljavax/servlet/http/HttpServletRequest;Ljavax/servlet/http/HttpServletResponse;Ljava/lang/Object;)Lorg/springframework/web/servlet/ModelAndView;+6
j  org.springframework.web.servlet.DispatcherServlet.doDispatch(Ljavax/servlet/http/HttpServletRequest;Ljavax/servlet/http/HttpServletResponse;)V+318
j  org.springframework.web.servlet.DispatcherServlet.doService(Ljavax/servlet/http/HttpServletRequest;Ljavax/servlet/http/HttpServletResponse;)V+301
j  org.springframework.web.servlet.FrameworkServlet.processRequest(Ljavax/servlet/http/HttpServletRequest;Ljavax/servlet/http/HttpServletResponse;)V+71
j  org.springframework.web.servlet.FrameworkServlet.doGet(Ljavax/servlet/http/HttpServletRequest;Ljavax/servlet/http/HttpServletResponse;)V+3
j  javax.servlet.http.HttpServlet.service(Ljavax/servlet/http/HttpServletRequest;Ljavax/servlet/http/HttpServletResponse;)V+35
j  org.springframework.web.servlet.FrameworkServlet.service(Ljavax/servlet/http/HttpServletRequest;Ljavax/servlet/http/HttpServletResponse;)V+33
j  javax.servlet.http.HttpServlet.service(Ljavax/servlet/ServletRequest;Ljavax/servlet/ServletResponse;)V+30
j  org.apache.catalina.core.ApplicationFilterChain.internalDoFilter(Ljavax/servlet/ServletRequest;Ljavax/servlet/ServletResponse;)V+304
j  org.apache.catalina.core.ApplicationFilterChain.doFilter(Ljavax/servlet/ServletRequest;Ljavax/servlet/ServletResponse;)V+101
j  org.apache.tomcat.websocket.server.WsFilter.doFilter(Ljavax/servlet/ServletRequest;Ljavax/servlet/ServletResponse;Ljavax/servlet/FilterChain;)V+21
j  org.apache.catalina.core.ApplicationFilterChain.internalDoFilter(Ljavax/servlet/ServletRequest;Ljavax/servlet/ServletResponse;)V+135
j  org.apache.catalina.core.ApplicationFilterChain.doFilter(Ljavax/servlet/ServletRequest;Ljavax/servlet/ServletResponse;)V+101
j  org.springframework.web.filter.RequestContextFilter.doFilterInternal(Ljavax/servlet/http/HttpServletRequest;Ljavax/servlet/http/HttpServletResponse;Ljavax/servlet/FilterChain;)V+21
j  org.springframework.web.filter.OncePerRequestFilter.doFilter(Ljavax/servlet/ServletRequest;Ljavax/servlet/ServletResponse;Ljavax/servlet/FilterChain;)V+111
j  org.apache.catalina.core.ApplicationFilterChain.internalDoFilter(Ljavax/servlet/ServletRequest;Ljavax/servlet/ServletResponse;)V+135
j  org.apache.catalina.core.ApplicationFilterChain.doFilter(Ljavax/servlet/ServletRequest;Ljavax/servlet/ServletResponse;)V+101
j  org.springframework.web.filter.HttpPutFormContentFilter.doFilterInternal(Ljavax/servlet/http/HttpServletRequest;Ljavax/servlet/http/HttpServletResponse;Ljavax/servlet/FilterChain;)V+87
j  org.springframework.web.filter.OncePerRequestFilter.doFilter(Ljavax/servlet/ServletRequest;Ljavax/servlet/ServletResponse;Ljavax/servlet/FilterChain;)V+111
j  org.apache.catalina.core.ApplicationFilterChain.internalDoFilter(Ljavax/servlet/ServletRequest;Ljavax/servlet/ServletResponse;)V+135
j  org.apache.catalina.core.ApplicationFilterChain.doFilter(Ljavax/servlet/ServletRequest;Ljavax/servlet/ServletResponse;)V+101
j  org.springframework.web.filter.HiddenHttpMethodFilter.doFilterInternal(Ljavax/servlet/http/HttpServletRequest;Ljavax/servlet/http/HttpServletResponse;Ljavax/servlet/FilterChain;)V+71
j  org.springframework.web.filter.OncePerRequestFilter.doFilter(Ljavax/servlet/ServletRequest;Ljavax/servlet/ServletResponse;Ljavax/servlet/FilterChain;)V+111
j  org.apache.catalina.core.ApplicationFilterChain.internalDoFilter(Ljavax/servlet/ServletRequest;Ljavax/servlet/ServletResponse;)V+135
j  org.apache.catalina.core.ApplicationFilterChain.doFilter(Ljavax/servlet/ServletRequest;Ljavax/servlet/ServletResponse;)V+101
j  org.springframework.web.filter.CharacterEncodingFilter.doFilterInternal(Ljavax/servlet/http/HttpServletRequest;Ljavax/servlet/http/HttpServletResponse;Ljavax/servlet/FilterChain;)V+53
j  org.springframework.web.filter.OncePerRequestFilter.doFilter(Ljavax/servlet/ServletRequest;Ljavax/servlet/ServletResponse;Ljavax/servlet/FilterChain;)V+111
j  org.apache.catalina.core.ApplicationFilterChain.internalDoFilter(Ljavax/servlet/ServletRequest;Ljavax/servlet/ServletResponse;)V+135
j  org.apache.catalina.core.ApplicationFilterChain.doFilter(Ljavax/servlet/ServletRequest;Ljavax/servlet/ServletResponse;)V+101
j  org.apache.catalina.core.StandardWrapperValve.invoke(Lorg/apache/catalina/connector/Request;Lorg/apache/catalina/connector/Response;)V+688
j  org.apache.catalina.core.StandardContextValve.invoke(Lorg/apache/catalina/connector/Request;Lorg/apache/catalina/connector/Response;)V+166
j  org.apache.catalina.authenticator.AuthenticatorBase.invoke(Lorg/apache/catalina/connector/Request;Lorg/apache/catalina/connector/Response;)V+275
j  org.apache.catalina.core.StandardHostValve.invoke(Lorg/apache/catalina/connector/Request;Lorg/apache/catalina/connector/Response;)V+135
j  org.apache.catalina.valves.ErrorReportValve.invoke(Lorg/apache/catalina/connector/Request;Lorg/apache/catalina/connector/Response;)V+6
j  org.apache.catalina.core.StandardEngineValve.invoke(Lorg/apache/catalina/connector/Request;Lorg/apache/catalina/connector/Response;)V+71
j  org.apache.catalina.connector.CoyoteAdapter.service(Lorg/apache/coyote/Request;Lorg/apache/coyote/Response;)V+199
j  org.apache.coyote.http11.Http11Processor.service(Lorg/apache/tomcat/util/net/SocketWrapperBase;)Lorg/apache/tomcat/util/net/AbstractEndpoint$Handler$SocketState;+806
j  org.apache.coyote.AbstractProcessorLight.process(Lorg/apache/tomcat/util/net/SocketWrapperBase;Lorg/apache/tomcat/util/net/SocketEvent;)Lorg/apache/tomcat/util/net/AbstractEndpoint$Handler$SocketState;+106
j  org.apache.coyote.AbstractProtocol$ConnectionHandler.process(Lorg/apache/tomcat/util/net/SocketWrapperBase;Lorg/apache/tomcat/util/net/SocketEvent;)Lorg/apache/tomcat/util/net/AbstractEndpoint$Handler$SocketState;+295
j  org.apache.tomcat.util.net.NioEndpoint$SocketProcessor.doRun()V+191
j  org.apache.tomcat.util.net.SocketProcessorBase.run()V+21
j  java.util.concurrent.ThreadPoolExecutor.runWorker(Ljava/util/concurrent/ThreadPoolExecutor$Worker;)V+95
j  java.util.concurrent.ThreadPoolExecutor$Worker.run()V+5
j  org.apache.tomcat.util.threads.TaskThread$WrappingRunnable.run()V+4
j  java.lang.Thread.run()V+11
v  ~StubRoutines::call_stub

---------------  P R O C E S S  ---------------

Java Threads: ( => current thread )
=>0x000000005a29a800 JavaThread "http-nio-8080-exec-10" daemon [_thread_in_vm, id=2668, stack(0x000000006d880000,0x000000006d980000)]
  0x000000005a29a000 JavaThread "http-nio-8080-exec-9" daemon [_thread_blocked, id=2652, stack(0x000000006c2a0000,0x000000006c3a0000)]
  0x000000005a299000 JavaThread "http-nio-8080-exec-8" daemon [_thread_blocked, id=5464, stack(0x0000000062860000,0x0000000062960000)]
  0x000000005a298800 JavaThread "http-nio-8080-exec-7" daemon [_thread_blocked, id=5736, stack(0x000000006d6c0000,0x000000006d7c0000)]
  0x000000005bb78800 JavaThread "http-nio-8080-exec-6" daemon [_thread_blocked, id=5492, stack(0x000000005c360000,0x000000005c460000)]
  0x000000005bb78000 JavaThread "http-nio-8080-exec-5" daemon [_thread_blocked, id=3180, stack(0x0000000062bc0000,0x0000000062cc0000)]
  0x000000005bb77000 JavaThread "http-nio-8080-exec-4" daemon [_thread_blocked, id=5408, stack(0x00000000629f0000,0x0000000062af0000)]
  0x00000000599f5800 JavaThread "http-nio-8080-exec-3" daemon [_thread_blocked, id=6136, stack(0x000000005e7d0000,0x000000005e8d0000)]
  0x00000000582a1000 JavaThread "http-nio-8080-exec-2" daemon [_thread_blocked, id=5664, stack(0x000000005e6b0000,0x000000005e7b0000)]
  0x000000005829a000 JavaThread "http-nio-8080-exec-1" daemon [_thread_blocked, id=6024, stack(0x000000005dc60000,0x000000005dd60000)]
  0x0000000058299800 JavaThread "DestroyJavaVM" [_thread_blocked, id=1784, stack(0x00000000027a0000,0x00000000028a0000)]
  0x0000000058298800 JavaThread "http-nio-8080-AsyncTimeout" daemon [_thread_blocked, id=5180, stack(0x000000005da80000,0x000000005db80000)]
  0x0000000058298000 JavaThread "http-nio-8080-Acceptor-0" daemon [_thread_in_native, id=5196, stack(0x000000005d630000,0x000000005d730000)]
  0x0000000058297000 JavaThread "http-nio-8080-ClientPoller-1" daemon [_thread_in_native, id=5512, stack(0x0000000058b20000,0x0000000058c20000)]
  0x0000000058296800 JavaThread "http-nio-8080-ClientPoller-0" daemon [_thread_in_native, id=5288, stack(0x000000005d8c0000,0x000000005d9c0000)]
  0x0000000058295800 JavaThread "NioBlockingSelector.BlockPoller-1" daemon [_thread_in_native, id=1320, stack(0x000000005d770000,0x000000005d870000)]
  0x000000005babd000 JavaThread "container-0" [_thread_blocked, id=5696, stack(0x000000005ad20000,0x000000005ae20000)]
  0x000000005babc800 JavaThread "ContainerBackgroundProcessor[StandardEngine[Tomcat]]" daemon [_thread_blocked, id=4880, stack(0x000000005a970000,0x000000005aa70000)]
  0x0000000056134000 JavaThread "Service Thread" daemon [_thread_blocked, id=4776, stack(0x0000000056c80000,0x0000000056d80000)]
  0x00000000560c6800 JavaThread "C1 CompilerThread2" daemon [_thread_blocked, id=4524, stack(0x0000000056b70000,0x0000000056c70000)]
  0x00000000560c3800 JavaThread "C2 CompilerThread1" daemon [_thread_blocked, id=6124, stack(0x0000000056a40000,0x0000000056b40000)]
  0x00000000560be000 JavaThread "C2 CompilerThread0" daemon [_thread_in_vm, id=5036, stack(0x00000000568d0000,0x00000000569d0000)]
  0x00000000560aa800 JavaThread "Attach Listener" daemon [_thread_blocked, id=1992, stack(0x0000000056720000,0x0000000056820000)]
  0x0000000054b51000 JavaThread "Signal Dispatcher" daemon [_thread_blocked, id=2620, stack(0x0000000056510000,0x0000000056610000)]
  0x0000000054afa000 JavaThread "Finalizer" daemon [_thread_blocked, id=5748, stack(0x0000000055fa0000,0x00000000560a0000)]
  0x0000000054af3000 JavaThread "Reference Handler" daemon [_thread_blocked, id=5644, stack(0x0000000055dd0000,0x0000000055ed0000)]

Other Threads:
  0x0000000054aed800 VMThread [stack: 0x0000000055b50000,0x0000000055c50000] [id=4408]
  0x0000000056162800 WatcherThread [stack: 0x0000000056dc0000,0x0000000056ec0000] [id=1680]

VM state:not at safepoint (normal execution)

VM Mutex/Monitor currently owned by a thread:  ([mutex/lock_event])
[0x000000000210e7c0] CodeCache_lock - owner thread: 0x000000005a29a800
[0x0000000002019300] Compile_lock - owner thread: 0x000000005a29a800

Heap:
 PSYoungGen      total 124416K, used 114725K [0x00000000ecf00000, 0x00000000f5180000, 0x0000000100000000)
  eden space 117248K, 91% used [0x00000000ecf00000,0x00000000f380a8a0,0x00000000f4180000)
  from space 7168K, 99% used [0x00000000f4580000,0x00000000f4c7ef30,0x00000000f4c80000)
  to   space 5120K, 0% used [0x00000000f4c80000,0x00000000f4c80000,0x00000000f5180000)
 ParOldGen       total 41984K, used 13939K [0x00000000c6c00000, 0x00000000c9500000, 0x00000000ecf00000)
  object space 41984K, 33% used [0x00000000c6c00000,0x00000000c799ced0,0x00000000c9500000)
 Metaspace       used 33449K, capacity 33800K, committed 34176K, reserved 1079296K
  class space    used 4104K, capacity 4185K, committed 4224K, reserved 1048576K

Card table byte_map: [0x0000000011c60000,0x0000000011e30000] byte_map_base: 0x000000001162a000

Marking Bits: (ParMarkBitMap*) 0x000000006492a5b0
 Begin Bits: [0x00000000122f0000, 0x0000000013140000)
 End Bits:   [0x0000000013140000, 0x0000000013f90000)

Polling page: 0x0000000000230000

CodeCache: size=245760Kb used=11696Kb max_used=12356Kb free=234063Kb
 bounds [0x00000000028a0000, 0x0000000003520000, 0x00000000118a0000]
 total_blobs=3629 nmethods=3102 adapters=440
 compilation: enabled

Compilation events (10 events):
Event: 1830.289 Thread 0x00000000560c6800 3564       3       org.apache.catalina.connector.RequestFacade::getAttribute (32 bytes)
Event: 1830.289 Thread 0x00000000560c6800 nmethod 3564 0x0000000002b96710 code [0x0000000002b968a0, 0x0000000002b96b88]
Event: 1830.289 Thread 0x00000000560c3800 3565       4       java.util.Arrays::copyOf (46 bytes)
Event: 1830.293 Thread 0x00000000560c3800 nmethod 3565 0x0000000002b96050 code [0x0000000002b961a0, 0x0000000002b964f8]
Event: 1830.301 Thread 0x00000000560be000 3566       4       java.util.StringTokenizer::scanToken (179 bytes)
Event: 1830.301 Thread 0x00000000560c3800 3567       4       java.lang.Character::charCount (12 bytes)
Event: 1830.302 Thread 0x00000000560c3800 nmethod 3567 0x0000000002af1210 code [0x0000000002af1340, 0x0000000002af1398]
Event: 1830.306 Thread 0x00000000560c6800 3568       1       org.apache.catalina.connector.Response::getCoyoteResponse (5 bytes)
Event: 1830.306 Thread 0x00000000560c6800 nmethod 3568 0x0000000002b95d90 code [0x0000000002b95ee0, 0x0000000002b95ff0]
Event: 1830.307 Thread 0x00000000560be000 nmethod 3566 0x0000000002a126d0 code [0x0000000002a12820, 0x0000000002a12ad8]

GC Heap History (10 events):
Event: 2.336 GC heap before
{Heap before GC invocations=6 (full 0):
 PSYoungGen      total 32768K, used 32760K [0x00000000ecf00000, 0x00000000f1b00000, 0x0000000100000000)
  eden space 30720K, 100% used [0x00000000ecf00000,0x00000000eed00000,0x00000000eed00000)
  from space 2048K, 99% used [0x00000000eed00000,0x00000000eeefe010,0x00000000eef00000)
  to   space 8192K, 0% used [0x00000000f1300000,0x00000000f1300000,0x00000000f1b00000)
 ParOldGen       total 39936K, used 14745K [0x00000000c6c00000, 0x00000000c9300000, 0x00000000ecf00000)
  object space 39936K, 36% used [0x00000000c6c00000,0x00000000c7a66670,0x00000000c9300000)
 Metaspace       used 19453K, capacity 19748K, committed 19968K, reserved 1067008K
  class space    used 2371K, capacity 2439K, committed 2560K, reserved 1048576K
Event: 2.345 GC heap after
Heap after GC invocations=6 (full 0):
 PSYoungGen      total 69632K, used 3584K [0x00000000ecf00000, 0x00000000f1b00000, 0x0000000100000000)
  eden space 61440K, 0% used [0x00000000ecf00000,0x00000000ecf00000,0x00000000f0b00000)
  from space 8192K, 43% used [0x00000000f1300000,0x00000000f16802f0,0x00000000f1b00000)
  to   space 8192K, 0% used [0x00000000f0b00000,0x00000000f0b00000,0x00000000f1300000)
 ParOldGen       total 39936K, used 14745K [0x00000000c6c00000, 0x00000000c9300000, 0x00000000ecf00000)
  object space 39936K, 36% used [0x00000000c6c00000,0x00000000c7a66670,0x00000000c9300000)
 Metaspace       used 19453K, capacity 19748K, committed 19968K, reserved 1067008K
  class space    used 2371K, capacity 2439K, committed 2560K, reserved 1048576K
}
Event: 2.816 GC heap before
{Heap before GC invocations=7 (full 0):
 PSYoungGen      total 69632K, used 43609K [0x00000000ecf00000, 0x00000000f1b00000, 0x0000000100000000)
  eden space 61440K, 65% used [0x00000000ecf00000,0x00000000ef616470,0x00000000f0b00000)
  from space 8192K, 43% used [0x00000000f1300000,0x00000000f16802f0,0x00000000f1b00000)
  to   space 8192K, 0% used [0x00000000f0b00000,0x00000000f0b00000,0x00000000f1300000)
 ParOldGen       total 39936K, used 14745K [0x00000000c6c00000, 0x00000000c9300000, 0x00000000ecf00000)
  object space 39936K, 36% used [0x00000000c6c00000,0x00000000c7a66670,0x00000000c9300000)
 Metaspace       used 20965K, capacity 21206K, committed 21296K, reserved 1069056K
  class space    used 2583K, capacity 2666K, committed 2688K, reserved 1048576K
Event: 2.831 GC heap after
Heap after GC invocations=7 (full 0):
 PSYoungGen      total 69632K, used 4670K [0x00000000ecf00000, 0x00000000f5600000, 0x0000000100000000)
  eden space 61440K, 0% used [0x00000000ecf00000,0x00000000ecf00000,0x00000000f0b00000)
  from space 8192K, 57% used [0x00000000f0b00000,0x00000000f0f8fb20,0x00000000f1300000)
  to   space 7680K, 0% used [0x00000000f4e80000,0x00000000f4e80000,0x00000000f5600000)
 ParOldGen       total 39936K, used 15383K [0x00000000c6c00000, 0x00000000c9300000, 0x00000000ecf00000)
  object space 39936K, 38% used [0x00000000c6c00000,0x00000000c7b05d50,0x00000000c9300000)
 Metaspace       used 20965K, capacity 21206K, committed 21296K, reserved 1069056K
  class space    used 2583K, capacity 2666K, committed 2688K, reserved 1048576K
}
Event: 2.832 GC heap before
{Heap before GC invocations=8 (full 1):
 PSYoungGen      total 69632K, used 4670K [0x00000000ecf00000, 0x00000000f5600000, 0x0000000100000000)
  eden space 61440K, 0% used [0x00000000ecf00000,0x00000000ecf00000,0x00000000f0b00000)
  from space 8192K, 57% used [0x00000000f0b00000,0x00000000f0f8fb20,0x00000000f1300000)
  to   space 7680K, 0% used [0x00000000f4e80000,0x00000000f4e80000,0x00000000f5600000)
 ParOldGen       total 39936K, used 15383K [0x00000000c6c00000, 0x00000000c9300000, 0x00000000ecf00000)
  object space 39936K, 38% used [0x00000000c6c00000,0x00000000c7b05d50,0x00000000c9300000)
 Metaspace       used 20965K, capacity 21206K, committed 21296K, reserved 1069056K
  class space    used 2583K, capacity 2666K, committed 2688K, reserved 1048576K
Event: 2.886 GC heap after
Heap after GC invocations=8 (full 1):
 PSYoungGen      total 69632K, used 0K [0x00000000ecf00000, 0x00000000f5600000, 0x0000000100000000)
  eden space 61440K, 0% used [0x00000000ecf00000,0x00000000ecf00000,0x00000000f0b00000)
  from space 8192K, 0% used [0x00000000f0b00000,0x00000000f0b00000,0x00000000f1300000)
  to   space 7680K, 0% used [0x00000000f4e80000,0x00000000f4e80000,0x00000000f5600000)
 ParOldGen       total 41984K, used 13244K [0x00000000c6c00000, 0x00000000c9500000, 0x00000000ecf00000)
  object space 41984K, 31% used [0x00000000c6c00000,0x00000000c78ef178,0x00000000c9500000)
 Metaspace       used 20965K, capacity 21206K, committed 21296K, reserved 1069056K
  class space    used 2583K, capacity 2666K, committed 2688K, reserved 1048576K
}
Event: 3.966 GC heap before
{Heap before GC invocations=9 (full 1):
 PSYoungGen      total 69632K, used 61440K [0x00000000ecf00000, 0x00000000f5600000, 0x0000000100000000)
  eden space 61440K, 100% used [0x00000000ecf00000,0x00000000f0b00000,0x00000000f0b00000)
  from space 8192K, 0% used [0x00000000f0b00000,0x00000000f0b00000,0x00000000f1300000)
  to   space 7680K, 0% used [0x00000000f4e80000,0x00000000f4e80000,0x00000000f5600000)
 ParOldGen       total 41984K, used 13244K [0x00000000c6c00000, 0x00000000c9500000, 0x00000000ecf00000)
  object space 41984K, 31% used [0x00000000c6c00000,0x00000000c78ef178,0x00000000c9500000)
 Metaspace       used 24691K, capacity 25006K, committed 25216K, reserved 1071104K
  class space    used 3051K, capacity 3118K, committed 3200K, reserved 1048576K
Event: 3.974 GC heap after
Heap after GC invocations=9 (full 1):
 PSYoungGen      total 96768K, used 4860K [0x00000000ecf00000, 0x00000000f5380000, 0x0000000100000000)
  eden space 91648K, 0% used [0x00000000ecf00000,0x00000000ecf00000,0x00000000f2880000)
  from space 5120K, 94% used [0x00000000f4e80000,0x00000000f533f340,0x00000000f5380000)
  to   space 7168K, 0% used [0x00000000f4580000,0x00000000f4580000,0x00000000f4c80000)
 ParOldGen       total 41984K, used 13252K [0x00000000c6c00000, 0x00000000c9500000, 0x00000000ecf00000)
  object space 41984K, 31% used [0x00000000c6c00000,0x00000000c78f1178,0x00000000c9500000)
 Metaspace       used 24691K, capacity 25006K, committed 25216K, reserved 1071104K
  class space    used 3051K, capacity 3118K, committed 3200K, reserved 1048576K
}
Event: 5.090 GC heap before
{Heap before GC invocations=10 (full 1):
 PSYoungGen      total 96768K, used 96508K [0x00000000ecf00000, 0x00000000f5380000, 0x0000000100000000)
  eden space 91648K, 100% used [0x00000000ecf00000,0x00000000f2880000,0x00000000f2880000)
  from space 5120K, 94% used [0x00000000f4e80000,0x00000000f533f340,0x00000000f5380000)
  to   space 7168K, 0% used [0x00000000f4580000,0x00000000f4580000,0x00000000f4c80000)
 ParOldGen       total 41984K, used 13252K [0x00000000c6c00000, 0x00000000c9500000, 0x00000000ecf00000)
  object space 41984K, 31% used [0x00000000c6c00000,0x00000000c78f1178,0x00000000c9500000)
 Metaspace       used 27453K, capacity 27832K, committed 28160K, reserved 1073152K
  class space    used 3373K, capacity 3477K, committed 3584K, reserved 1048576K
Event: 5.103 GC heap after
Heap after GC invocations=10 (full 1):
 PSYoungGen      total 124416K, used 7163K [0x00000000ecf00000, 0x00000000f5180000, 0x0000000100000000)
  eden space 117248K, 0% used [0x00000000ecf00000,0x00000000ecf00000,0x00000000f4180000)
  from space 7168K, 99% used [0x00000000f4580000,0x00000000f4c7ef30,0x00000000f4c80000)
  to   space 5120K, 0% used [0x00000000f4c80000,0x00000000f4c80000,0x00000000f5180000)
 ParOldGen       total 41984K, used 13939K [0x00000000c6c00000, 0x00000000c9500000, 0x00000000ecf00000)
  object space 41984K, 33% used [0x00000000c6c00000,0x00000000c799ced0,0x00000000c9500000)
 Metaspace       used 27453K, capacity 27832K, committed 28160K, reserved 1073152K
  class space    used 3373K, capacity 3477K, committed 3584K, reserved 1048576K
}

Deoptimization events (10 events):
Event: 42.631 Thread 0x000000005829a000 Uncommon trap: reason=bimorphic action=maybe_recompile pc=0x000000000340ff88 method=java.util.concurrent.ConcurrentHashMap.putVal(Ljava/lang/Object;Ljava/lang/Object;Z)Ljava/lang/Object; @ 192
Event: 54.666 Thread 0x00000000599f5800 Uncommon trap: reason=class_check action=maybe_recompile pc=0x00000000031a8d0c method=java.io.FilterInputStream.read([B)I @ 5
Event: 54.667 Thread 0x00000000599f5800 Uncommon trap: reason=class_check action=maybe_recompile pc=0x00000000031a8d0c method=java.io.FilterInputStream.read([B)I @ 5
Event: 54.667 Thread 0x00000000599f5800 Uncommon trap: reason=class_check action=maybe_recompile pc=0x00000000031a8d0c method=java.io.FilterInputStream.read([B)I @ 5
Event: 54.667 Thread 0x00000000599f5800 Uncommon trap: reason=class_check action=maybe_recompile pc=0x00000000031a8d0c method=java.io.FilterInputStream.read([B)I @ 5
Event: 54.719 Thread 0x00000000599f5800 Uncommon trap: reason=class_check action=maybe_recompile pc=0x0000000002abb118 method=java.lang.String.equals(Ljava/lang/Object;)Z @ 8
Event: 55.107 Thread 0x00000000599f5800 Uncommon trap: reason=bimorphic action=maybe_recompile pc=0x0000000002b4a8ac method=java.util.AbstractList$Itr.next()Ljava/lang/Object; @ 14
Event: 715.536 Thread 0x000000005bb78800 Uncommon trap: reason=class_check action=maybe_recompile pc=0x0000000002abb118 method=java.lang.String.equals(Ljava/lang/Object;)Z @ 8
Event: 716.113 Thread 0x000000005bb78800 Uncommon trap: reason=bimorphic action=maybe_recompile pc=0x0000000002b4a8ac method=java.util.AbstractList$Itr.next()Ljava/lang/Object; @ 14
Event: 1830.227 Thread 0x000000005a29a000 Uncommon trap: reason=bimorphic action=maybe_recompile pc=0x0000000002b4a8ac method=java.util.AbstractList$Itr.next()Ljava/lang/Object; @ 14

Internal exceptions (10 events):
Event: 34.163 Thread 0x000000005829a000 Exception <a 'java/lang/ClassNotFoundException': org/springframework/web/servlet/RequestToViewNameTranslatorCustomizer> (0x00000000f1165088) thrown at [C:\re\workspace\8-2-build-windows-amd64-cygwin\jdk8u60\4407\hotspot\src\share\vm\classfile\systemDictionŽ²©yQA@
Event: 34.167 Thread 0x000000005829a000 Exception <a 'java/lang/ClassNotFoundException': java/lang/ObjectCustomizer> (0x00000000f1196588) thrown at [C:\re\workspace\8-2-build-windows-amd64-cygwin\jdk8u60\4407\hotspot\src\share\vm\classfile\systemDictionary.cpp, line 210]
Event: 34.168 Thread 0x000000005829a000 Exception <a 'java/lang/ClassNotFoundException': org/springframework/web/servlet/support/AbstractFlashMapManagerCustomizer> (0x00000000f11c4838) thrown at [C:\re\workspace\8-2-build-windows-amd64-cygwin\jdk8u60\4407\hotspot\src\share\vm\classfile\systemDicyr7â A@
Event: 34.169 Thread 0x000000005829a000 Exception <a 'java/lang/ClassNotFoundException': org/springframework/web/servlet/support/SessionFlashMapManagerCustomizer> (0x00000000f11f67c8) thrown at [C:\re\workspace\8-2-build-windows-amd64-cygwin\jdk8u60\4407\hotspot\src\share\vm\classfile\systemDictù„ÇA@
Event: 34.170 Thread 0x000000005829a000 Exception <a 'java/lang/ClassNotFoundException': org/springframework/web/servlet/FlashMapManagerCustomizer> (0x00000000f121eb50) thrown at [C:\re\workspace\8-2-build-windows-amd64-cygwin\jdk8u60\4407\hotspot\src\share\vm\classfile\systemDictionary.cpp, lin-Ó.$A@
Event: 34.235 Thread 0x000000005829a000 Implicit null exception at 0x00000000034b1c20 to 0x00000000034bc45d
Event: 34.355 Thread 0x000000005829a000 Implicit null exception at 0x0000000002e31825 to 0x0000000002e31d4d
Event: 34.356 Thread 0x000000005829a000 Implicit null exception at 0x00000000032db3e2 to 0x00000000032dbcd1
Event: 1830.294 Thread 0x000000005a29a800 Exception <a 'java/io/FileNotFoundException'> (0x00000000f37301c8) thrown at [C:\re\workspace\8-2-build-windows-amd64-cygwin\jdk8u60\4407\hotspot\src\share\vm\prims\jni.cpp, line 709]
Event: 1830.294 Thread 0x000000005a29a800 Exception <a 'java/io/FileNotFoundException'> (0x00000000f3730bf0) thrown at [C:\re\workspace\8-2-build-windows-amd64-cygwin\jdk8u60\4407\hotspot\src\share\vm\prims\jni.cpp, line 709]

Events (10 events):
Event: 1830.303 loading class org/springframework/http/converter/ResourceHttpMessageConverter$ActivationMediaTypeFactory done
Event: 1830.305 loading class org/springframework/core/io/InputStreamResource
Event: 1830.305 loading class org/springframework/core/io/InputStreamResource done
Event: 1830.306 Executing VM operation: RevokeBias
Event: 1830.306 Executing VM operation: RevokeBias done
Event: 1830.306 loading class org/springframework/util/StreamUtils
Event: 1830.306 loading class org/springframework/util/StreamUtils done
Event: 1830.307 Thread 0x00000000560c6800 flushing nmethod 0x0000000002a126d0
Event: 1830.307 loading class org/springframework/util/StreamUtils$NonClosingOutputStream
Event: 1830.307 loading class org/springframework/util/StreamUtils$NonClosingOutputStream done


Dynamic libraries:
0x000000013fa20000 - 0x000000013fa57000 	D:\java_soft\jdk1.8\bin\javaw.exe
0x0000000077130000 - 0x00000000772db000 	C:\Windows\SYSTEM32\ntdll.dll
0x0000000077010000 - 0x000000007712f000 	C:\Windows\system32\kernel32.dll
0x000007fefd350000 - 0x000007fefd3bb000 	C:\Windows\system32\KERNELBASE.dll
0x000007fefed40000 - 0x000007fefee1b000 	C:\Windows\system32\ADVAPI32.dll
0x000007fefe870000 - 0x000007fefe90f000 	C:\Windows\system32\msvcrt.dll
0x000007fefee70000 - 0x000007fefee8f000 	C:\Windows\SYSTEM32\sechost.dll
0x000007fefe270000 - 0x000007fefe39e000 	C:\Windows\system32\RPCRT4.dll
0x0000000076f10000 - 0x000000007700a000 	C:\Windows\system32\USER32.dll
0x000007fefe4c0000 - 0x000007fefe527000 	C:\Windows\system32\GDI32.dll
0x000007fefe530000 - 0x000007fefe53e000 	C:\Windows\system32\LPK.dll
0x000007fefe540000 - 0x000007fefe60a000 	C:\Windows\system32\USP10.dll
0x000007fefc160000 - 0x000007fefc354000 	C:\Windows\WinSxS\amd64_microsoft.windows.common-controls_6595b64144ccf1df_6.0.7600.16661_none_fa62ad231704eab7\COMCTL32.dll
0x000007fefee90000 - 0x000007fefef01000 	C:\Windows\system32\SHLWAPI.dll
0x000007fefe3f0000 - 0x000007fefe41e000 	C:\Windows\system32\IMM32.DLL
0x000007fefefb0000 - 0x000007feff0b9000 	C:\Windows\system32\MSCTF.dll
0x000007fefd060000 - 0x000007fefd090000 	C:\Windows\system32\nvinitx.dll
0x000007fefd050000 - 0x000007fefd05c000 	C:\Windows\system32\VERSION.dll
0x0000000072080000 - 0x0000000072086000 	C:\Program Files\NVIDIA Corporation\CoProcManager\detoured.dll
0x000007fef9370000 - 0x000007fef93a8000 	C:\Program Files\NVIDIA Corporation\CoProcManager\nvd3d9wrapx.dll
0x000007feff0c0000 - 0x000007feff297000 	C:\Windows\system32\SETUPAPI.dll
0x000007fefd400000 - 0x000007fefd436000 	C:\Windows\system32\CFGMGR32.dll
0x000007fefe920000 - 0x000007fefe9f7000 	C:\Windows\system32\OLEAUT32.dll
0x000007fefea00000 - 0x000007fefec02000 	C:\Windows\system32\ole32.dll
0x000007fefd440000 - 0x000007fefd45a000 	C:\Windows\system32\DEVOBJ.dll
0x000007fef9340000 - 0x000007fef9364000 	C:\Program Files\NVIDIA Corporation\CoProcManager\nvdxgiwrapx.dll
0x000000006c410000 - 0x000000006c4e2000 	D:\java_soft\jdk1.8\jre\bin\msvcr100.dll
0x0000000064120000 - 0x00000000649a9000 	D:\java_soft\jdk1.8\jre\bin\server\jvm.dll
0x000007fef6c30000 - 0x000007fef6c39000 	C:\Windows\system32\WSOCK32.dll
0x000007fefe3a0000 - 0x000007fefe3ed000 	C:\Windows\system32\WS2_32.dll
0x000007fefe910000 - 0x000007fefe918000 	C:\Windows\system32\NSI.dll
0x000007fefa7b0000 - 0x000007fefa7eb000 	C:\Windows\system32\WINMM.dll
0x00000000772f0000 - 0x00000000772f7000 	C:\Windows\system32\PSAPI.DLL
0x0000000073490000 - 0x000000007349f000 	D:\java_soft\jdk1.8\jre\bin\verify.dll
0x000000006ff20000 - 0x000000006ff49000 	D:\java_soft\jdk1.8\jre\bin\java.dll
0x000000006fe40000 - 0x000000006fe56000 	D:\java_soft\jdk1.8\jre\bin\zip.dll
0x000007fefd460000 - 0x000007fefe1e6000 	C:\Windows\system32\SHELL32.dll
0x000007fefd090000 - 0x000007fefd09f000 	C:\Windows\system32\profapi.dll
0x000000006fe10000 - 0x000000006fe1d000 	D:\java_soft\jdk1.8\jre\bin\management.dll
0x000000006fe60000 - 0x000000006fe7a000 	D:\java_soft\jdk1.8\jre\bin\net.dll
0x000007fefc8c0000 - 0x000007fefc914000 	C:\Windows\system32\mswsock.dll
0x000007fefc8b0000 - 0x000007fefc8b7000 	C:\Windows\System32\wship6.dll
0x000007fefad40000 - 0x000007fefad55000 	C:\Windows\system32\NLAapi.dll
0x000007fefc740000 - 0x000007fefc79b000 	C:\Windows\system32\DNSAPI.dll
0x000007fef67e0000 - 0x000007fef67eb000 	C:\Windows\System32\winrnr.dll
0x000007fef6700000 - 0x000007fef6715000 	C:\Windows\system32\napinsp.dll
0x000007fef66e0000 - 0x000007fef66f9000 	C:\Windows\system32\pnrpnsp.dll
0x000007fef66d0000 - 0x000007fef66e0000 	C:\Windows\system32\wshbth.dll
0x000007fefbf30000 - 0x000007fefbf37000 	C:\Windows\System32\wshtcpip.dll
0x000007fefab80000 - 0x000007fefaba7000 	C:\Windows\system32\IPHLPAPI.DLL
0x000007fefab60000 - 0x000007fefab6b000 	C:\Windows\system32\WINNSI.DLL
0x000007fef7f20000 - 0x000007fef7f28000 	C:\Windows\system32\rasadhlp.dll
0x000007fefaa10000 - 0x000007fefaa63000 	C:\Windows\System32\fwpuclnt.dll
0x000000006fe20000 - 0x000000006fe31000 	D:\java_soft\jdk1.8\jre\bin\nio.dll
0x000007fefc920000 - 0x000007fefc937000 	C:\Windows\system32\CRYPTSP.dll
0x000007fefc620000 - 0x000007fefc667000 	C:\Windows\system32\rsaenh.dll
0x000007fefc040000 - 0x000007fefc05e000 	C:\Windows\system32\USERENV.dll
0x000007fefcf80000 - 0x000007fefcf8f000 	C:\Windows\system32\CRYPTBASE.dll
0x000007fefa9c0000 - 0x000007fefa9d8000 	C:\Windows\system32\dhcpcsvc.DLL
0x000007fefa950000 - 0x000007fefa961000 	C:\Windows\system32\dhcpcsvc6.DLL
0x0000000058e60000 - 0x0000000058f31000 	C:\Users\phantomfjh\AppData\Local\Temp\javacpp10082664380867\msvcr100.dll
0x000000005eb10000 - 0x000000005eba8000 	C:\Users\phantomfjh\AppData\Local\Temp\javacpp10082664380867\msvcp100.dll
0x000007fee1aa0000 - 0x000007fee1d20000 	C:\Users\phantomfjh\AppData\Local\Temp\javacpp10082664380867\opencv_core2411.dll
0x000007fee0970000 - 0x000007fee0b62000 	C:\Users\phantomfjh\AppData\Local\Temp\javacpp10082664380867\jniopencv_core.dll
0x000007fedffb0000 - 0x000007fee0271000 	C:\Users\phantomfjh\AppData\Local\Temp\javacpp10082664380867\opencv_imgproc2411.dll
0x000007fee2150000 - 0x000007fee21f8000 	C:\Users\phantomfjh\AppData\Local\Temp\javacpp10082664380867\jniopencv_imgproc.dll
0x0000000066840000 - 0x00000000676b4000 	C:\Users\phantomfjh\AppData\Local\Temp\javacpp10082664380867\opencv_ffmpeg2411_64.dll
0x000007fee0720000 - 0x000007fee096e000 	C:\Users\phantomfjh\AppData\Local\Temp\javacpp10082664380867\opencv_highgui2411.dll
0x000007fefaf10000 - 0x000007fefaf2f000 	C:\Windows\system32\AVIFIL32.dll
0x000007fef06e0000 - 0x000007fef06f8000 	C:\Windows\system32\MSACM32.dll
0x000007fee87a0000 - 0x000007fee87c9000 	C:\Windows\system32\MSVFW32.dll
0x000007fef6b00000 - 0x000007fef6b17000 	C:\Windows\system32\AVICAP32.dll
0x000007fee2a70000 - 0x000007fee2ac1000 	C:\Users\phantomfjh\AppData\Local\Temp\javacpp10082664380867\jniopencv_highgui.dll
0x000007fee20b0000 - 0x000007fee2146000 	C:\Users\phantomfjh\AppData\Local\Temp\javacpp10082664380867\opencv_ml2411.dll
0x000007fee1a00000 - 0x000007fee1a9e000 	C:\Users\phantomfjh\AppData\Local\Temp\javacpp10082664380867\jniopencv_ml.dll
0x000007fee8c10000 - 0x000007fee8d35000 	C:\Windows\system32\dbghelp.dll

VM Arguments:
jvm_args: -Dfile.encoding=UTF-8 
java_command: org.easypr.MainApplication
java_class_path (initial): E:\my_workspace\Car-OCR\target\classes;E:\maven\repository\org\springframework\boot\spring-boot-starter-web\1.4.3.RELEASE\spring-boot-starter-web-1.4.3.RELEASE.jar;E:\maven\repository\org\springframework\boot\spring-boot-starter\1.4.3.RELEASE\spring-boot-starter-1.4.3.RELEASE.jar;E:\maven\repository\org\springframework\boot\spring-boot\1.4.3.RELEASE\spring-boot-1.4.3.RELEASE.jar;E:\maven\repository\org\springframework\boot\spring-boot-autoconfigure\1.4.3.RELEASE\spring-boot-autoconfigure-1.4.3.RELEASE.jar;E:\maven\repository\org\springframework\boot\spring-boot-starter-logging\1.4.3.RELEASE\spring-boot-starter-logging-1.4.3.RELEASE.jar;E:\maven\repository\ch\qos\logback\logback-classic\1.1.8\logback-classic-1.1.8.jar;E:\maven\repository\ch\qos\logback\logback-core\1.1.8\logback-core-1.1.8.jar;E:\maven\repository\org\slf4j\jcl-over-slf4j\1.7.22\jcl-over-slf4j-1.7.22.jar;E:\maven\repository\org\slf4j\jul-to-slf4j\1.7.22\jul-to-slf4j-1.7.22.jar;E:\maven\repository\org\slf4j\log4j-over-slf4j\1.7.22\log4j-over-slf4j-1.7.22.jar;E:\maven\repository\org\yaml\snakeyaml\1.17\snakeyaml-1.17.jar;E:\maven\repository\org\springframework\boot\spring-boot-starter-tomcat\1.4.3.RELEASE\spring-boot-starter-tomcat-1.4.3.RELEASE.jar;E:\maven\repository\org\apache\tomcat\embed\tomcat-embed-core\8.5.6\tomcat-embed-core-8.5.6.jar;E:\maven\repository\org\apache\tomcat\embed\tomcat-embed-el\8.5.6\tomcat-embed-el-8.5.6.jar;E:\maven\repository\org\apache\tomcat\embed\tomcat-embed-websocket\8.5.6\tomcat-embed-websocket-8.5.6.jar;E:\maven\repository\org\hibernate\hibernate-validator\5.2.4.Final\hibernate-validator-5.2.4.Final.jar;E:\maven\repository\javax\validation\validation-api\1.1.0.Final\validation-api-1.1.0.Final.jar;E:\maven\repository\org\jboss\logging\jboss-logging\3.3.0.Final\jboss-logging-3.3.0.Final.jar;E:\maven\repository\com\fasterxml\classmate\1.3.3\classmate-1.3.3.jar;E:\maven\repository\com\fasterxml\jackson\core\jackson-databind\2.8.5\jackson-databi
Launcher Type: SUN_STANDARD

Environment Variables:
JAVA_HOME=D:\java_soft\jdk1.8
PATH=D:/java_soft/jdk1.8/bin/../jre/bin/server;D:/java_soft/jdk1.8/bin/../jre/bin;D:/java_soft/jdk1.8/bin/../jre/lib/amd64;C:\Windows\system32;C:\Windows;C:\Windows\System32\Wbem;C:\Windows\System32\WindowsPowerShell\v1.0\;D:\python;D:\python\Scripts;D:\python\Library\bin;D:\java_soft\jdk1.8/bin;D:\java_soft\jdk1.8/jre/bin;D:\MySQL5.1\bin;C:\Program Files\Lenovo\Bluetooth Software\;C:\Program Files\Lenovo\Bluetooth Software\syswow64;D:\Graphviz\bin;D:\java_soft\Eclipse_J2EE\eclipse;
USERNAME=phantomfjh
OS=Windows_NT
PROCESSOR_IDENTIFIER=Intel64 Family 6 Model 58 Stepping 9, GenuineIntel



---------------  S Y S T E M  ---------------

OS: Windows 7 , 64 bit Build 7600 (6.1.7600.16385)

CPU:total 4 (2 cores per cpu, 2 threads per core) family 6 model 58 stepping 9, cmov, cx8, fxsr, mmx, sse, sse2, sse3, ssse3, sse4.1, sse4.2, popcnt, clmul, erms, ht, tsc, tscinvbit, tscinv

Memory: 4k page, physical 3749532k(1083088k free), swap 7497160k(4034308k free)

vm_info: Java HotSpot(TM) 64-Bit Server VM (25.60-b23) for windows-amd64 JRE (1.8.0_60-b27), built on Aug  4 2015 11:06:27 by "java_re" with MS VC++ 10.0 (VS2010)

time: Sat Jun 03 14:01:13 2017
elapsed time: 1830 seconds (0d 0h 30m 30s)

